# JRE version: Java(TM) SE Runtime Environment (8.0_191-b12) (build 1.8.0_191-b12)
# Java VM: Java HotSpot(TM) 64-Bit Server VM (25.191-b12 mixed mode windows-amd64 compressed oops)
Heap:
 PSYoungGen      total 230912K, used 149471K [0x00000000d5b00000, 0x00000000e9480000, 0x0000000100000000)
  eden space 214016K, 61% used [0x00000000d5b00000,0x00000000ddc7ceb8,0x00000000e2c00000)
  from space 16896K, 99% used [0x00000000e2c00000,0x00000000e3c7ad70,0x00000000e3c80000)
  to   space 19968K, 0% used [0x00000000e8100000,0x00000000e8100000,0x00000000e9480000)
 ParOldGen       total 111616K, used 30877K [0x0000000081000000, 0x0000000087d00000, 0x00000000d5b00000)
  object space 111616K, 27% used [0x0000000081000000,0x0000000082e27490,0x0000000087d00000)
 Metaspace       used 66253K, capacity 70170K, committed 70360K, reserved 1110016K
  class space    used 8764K, capacity 9678K, committed 9728K, reserved 1048576K
GC Heap History (10 events):
Event: 2.444 GC heap before
{Heap before GC invocations=10 (full 2):
 PSYoungGen      total 174080K, used 8461K [0x00000000d5b00000, 0x00000000e4f80000, 0x0000000100000000)
  eden space 162304K, 0% used [0x00000000d5b00000,0x00000000d5b00000,0x00000000df980000)
  from space 11776K, 71% used [0x00000000e0500000,0x00000000e0d43768,0x00000000e1080000)
  to   space 11776K, 0% used [0x00000000df980000,0x00000000df980000,0x00000000e0500000)
 ParOldGen       total 55808K, used 11863K [0x0000000081000000, 0x0000000084680000, 0x00000000d5b00000)
  object space 55808K, 21% used [0x0000000081000000,0x0000000081b95e48,0x0000000084680000)
 Metaspace       used 33437K, capacity 35406K, committed 35456K, reserved 1079296K
  class space    used 4602K, capacity 4964K, committed 4992K, reserved 1048576K
Event: 2.490 GC heap after
Heap after GC invocations=10 (full 2):
 PSYoungGen      total 174080K, used 0K [0x00000000d5b00000, 0x00000000e4f80000, 0x0000000100000000)
  eden space 162304K, 0% used [0x00000000d5b00000,0x00000000d5b00000,0x00000000df980000)
  from space 11776K, 0% used [0x00000000e0500000,0x00000000e0500000,0x00000000e1080000)
  to   space 11776K, 0% used [0x00000000df980000,0x00000000df980000,0x00000000e0500000)
 ParOldGen       total 80896K, used 13233K [0x0000000081000000, 0x0000000085f00000, 0x00000000d5b00000)
  object space 80896K, 16% used [0x0000000081000000,0x0000000081cec7a0,0x0000000085f00000)
 Metaspace       used 33437K, capacity 35406K, committed 35456K, reserved 1079296K
  class space    used 4602K, capacity 4964K, committed 4992K, reserved 1048576K
}
Event: 3.344 GC heap before
{Heap before GC invocations=11 (full 2):
 PSYoungGen      total 174080K, used 162304K [0x00000000d5b00000, 0x00000000e4f80000, 0x0000000100000000)
  eden space 162304K, 100% used [0x00000000d5b00000,0x00000000df980000,0x00000000df980000)
  from space 11776K, 0% used [0x00000000e0500000,0x00000000e0500000,0x00000000e1080000)
  to   space 11776K, 0% used [0x00000000df980000,0x00000000df980000,0x00000000e0500000)
 ParOldGen       total 80896K, used 13233K [0x0000000081000000, 0x0000000085f00000, 0x00000000d5b00000)
  object space 80896K, 16% used [0x0000000081000000,0x0000000081cec7a0,0x0000000085f00000)
 Metaspace       used 46247K, capacity 48552K, committed 48768K, reserved 1091584K
  class space    used 6317K, capacity 6766K, committed 6784K, reserved 1048576K
Event: 3.355 GC heap after
Heap after GC invocations=11 (full 2):
 PSYoungGen      total 174080K, used 11758K [0x00000000d5b00000, 0x00000000e4d00000, 0x0000000100000000)
  eden space 162304K, 0% used [0x00000000d5b00000,0x00000000d5b00000,0x00000000df980000)
  from space 11776K, 99% used [0x00000000df980000,0x00000000e04fbae8,0x00000000e0500000)
  to   space 13824K, 0% used [0x00000000e3f80000,0x00000000e3f80000,0x00000000e4d00000)
 ParOldGen       total 80896K, used 15560K [0x0000000081000000, 0x0000000085f00000, 0x00000000d5b00000)
  object space 80896K, 19% used [0x0000000081000000,0x0000000081f322c8,0x0000000085f00000)
 Metaspace       used 46247K, capacity 48552K, committed 48768K, reserved 1091584K
  class space    used 6317K, capacity 6766K, committed 6784K, reserved 1048576K
}
Event: 22.184 GC heap before
{Heap before GC invocations=12 (full 2):
 PSYoungGen      total 174080K, used 165103K [0x00000000d5b00000, 0x00000000e4d00000, 0x0000000100000000)
  eden space 162304K, 94% used [0x00000000d5b00000,0x00000000df0c03d8,0x00000000df980000)
  from space 11776K, 99% used [0x00000000df980000,0x00000000e04fbae8,0x00000000e0500000)
  to   space 13824K, 0% used [0x00000000e3f80000,0x00000000e3f80000,0x00000000e4d00000)
 ParOldGen       total 80896K, used 15560K [0x0000000081000000, 0x0000000085f00000, 0x00000000d5b00000)
  object space 80896K, 19% used [0x0000000081000000,0x0000000081f322c8,0x0000000085f00000)
 Metaspace       used 56075K, capacity 59018K, committed 59096K, reserved 1099776K
  class space    used 7575K, capacity 8157K, committed 8192K, reserved 1048576K
Event: 22.196 GC heap after
Heap after GC invocations=12 (full 2):
 PSYoungGen      total 227328K, used 13819K [0x00000000d5b00000, 0x00000000e4d00000, 0x0000000100000000)
  eden space 213504K, 0% used [0x00000000d5b00000,0x00000000d5b00000,0x00000000e2b80000)
  from space 13824K, 99% used [0x00000000e3f80000,0x00000000e4cfeee8,0x00000000e4d00000)
  to   space 16896K, 0% used [0x00000000e2c00000,0x00000000e2c00000,0x00000000e3c80000)
 ParOldGen       total 80896K, used 18807K [0x0000000081000000, 0x0000000085f00000, 0x00000000d5b00000)
  object space 80896K, 23% used [0x0000000081000000,0x000000008225dfd0,0x0000000085f00000)
 Metaspace       used 56075K, capacity 59018K, committed 59096K, reserved 1099776K
  class space    used 7575K, capacity 8157K, committed 8192K, reserved 1048576K
}
Event: 22.196 GC heap before
{Heap before GC invocations=13 (full 3):
 PSYoungGen      total 227328K, used 13819K [0x00000000d5b00000, 0x00000000e4d00000, 0x0000000100000000)
  eden space 213504K, 0% used [0x00000000d5b00000,0x00000000d5b00000,0x00000000e2b80000)
  from space 13824K, 99% used [0x00000000e3f80000,0x00000000e4cfeee8,0x00000000e4d00000)
  to   space 16896K, 0% used [0x00000000e2c00000,0x00000000e2c00000,0x00000000e3c80000)
 ParOldGen       total 80896K, used 18807K [0x0000000081000000, 0x0000000085f00000, 0x00000000d5b00000)
  object space 80896K, 23% used [0x0000000081000000,0x000000008225dfd0,0x0000000085f00000)
 Metaspace       used 56075K, capacity 59018K, committed 59096K, reserved 1099776K
  class space    used 7575K, capacity 8157K, committed 8192K, reserved 1048576K
Event: 22.317 GC heap after
Heap after GC invocations=13 (full 3):
 PSYoungGen      total 227328K, used 0K [0x00000000d5b00000, 0x00000000e4d00000, 0x0000000100000000)
  eden space 213504K, 0% used [0x00000000d5b00000,0x00000000d5b00000,0x00000000e2b80000)
  from space 13824K, 0% used [0x00000000e3f80000,0x00000000e3f80000,0x00000000e4d00000)
  to   space 16896K, 0% used [0x00000000e2c00000,0x00000000e2c00000,0x00000000e3c80000)
 ParOldGen       total 111616K, used 27702K [0x0000000081000000, 0x0000000087d00000, 0x00000000d5b00000)
  object space 111616K, 24% used [0x0000000081000000,0x0000000082b0dac8,0x0000000087d00000)
 Metaspace       used 56049K, capacity 58966K, committed 59096K, reserved 1099776K
  class space    used 7559K, capacity 8117K, committed 8192K, reserved 1048576K
}
Event: 43.427 GC heap before
{Heap before GC invocations=14 (full 3):
 PSYoungGen      total 227328K, used 213504K [0x00000000d5b00000, 0x00000000e4d00000, 0x0000000100000000)
  eden space 213504K, 100% used [0x00000000d5b00000,0x00000000e2b80000,0x00000000e2b80000)
  from space 13824K, 0% used [0x00000000e3f80000,0x00000000e3f80000,0x00000000e4d00000)
  to   space 16896K, 0% used [0x00000000e2c00000,0x00000000e2c00000,0x00000000e3c80000)
 ParOldGen       total 111616K, used 27702K [0x0000000081000000, 0x0000000087d00000, 0x00000000d5b00000)
  object space 111616K, 24% used [0x0000000081000000,0x0000000082b0dac8,0x0000000087d00000)
 Metaspace       used 65822K, capacity 69430K, committed 69592K, reserved 1110016K
  class space    used 8614K, capacity 9379K, committed 9472K, reserved 1048576K
Event: 43.441 GC heap after
Heap after GC invocations=14 (full 3):
 PSYoungGen      total 230912K, used 16875K [0x00000000d5b00000, 0x00000000e9480000, 0x0000000100000000)
  eden space 214016K, 0% used [0x00000000d5b00000,0x00000000d5b00000,0x00000000e2c00000)
  from space 16896K, 99% used [0x00000000e2c00000,0x00000000e3c7ad70,0x00000000e3c80000)
  to   space 19968K, 0% used [0x00000000e8100000,0x00000000e8100000,0x00000000e9480000)
 ParOldGen       total 111616K, used 30877K [0x0000000081000000, 0x0000000087d00000, 0x00000000d5b00000)
  object space 111616K, 27% used [0x0000000081000000,0x0000000082e27490,0x0000000087d00000)
 Metaspace       used 65822K, capacity 69430K, committed 69592K, reserved 1110016K
  class space    used 8614K, capacity 9379K, committed 9472K, reserved 1048576K
}

